app/build/outputs/logs/manifest-merger-debug-report.txt
-- Merging decision tree log ---
manifest
ADDED from src/main/AndroidManifest.xml:2:1-41:12
	package
		ADDED from src/main/AndroidManifest.xml:3:5-32
		INJECTED from src/main/AndroidManifest.xml
		INJECTED from src/main/AndroidManifest.xml
	android:versionName
		ADDED from src/main/AndroidManifest.xml:5:5-30
		INJECTED from src/main/AndroidManifest.xml
		INJECTED from src/main/AndroidManifest.xml
	android:versionCode
		ADDED from src/main/AndroidManifest.xml:4:5-28
		INJECTED from src/main/AndroidManifest.xml
		INJECTED from src/main/AndroidManifest.xml
	xmlns:android
		ADDED from src/main/AndroidManifest.xml:2:11-69
uses-sdk
ADDED from src/main/AndroidManifest.xml:7:5-9:41
	android:targetSdkVersion
		ADDED from src/main/AndroidManifest.xml:9:9-38
		INJECTED from src/main/AndroidManifest.xml
		INJECTED from src/main/AndroidManifest.xml
	android:minSdkVersion
		ADDED from src/main/AndroidManifest.xml:8:9-35
		INJECTED from src/main/AndroidManifest.xml
		INJECTED from src/main/AndroidManifest.xml
uses-permission#android.permission.INTERNET
ADDED from src/main/AndroidManifest.xml:10:5-67
	android:name
		ADDED from src/main/AndroidManifest.xml:10:22-64
uses-permission#android.permission.ACCESS_NETWORK_STATE
ADDED from src/main/AndroidManifest.xml:11:2-76
	android:name
		ADDED from src/main/AndroidManifest.xml:11:19-73
application
ADDED from src/main/AndroidManifest.xml:12:5-39:19
	android:label
		ADDED from src/main/AndroidManifest.xml:15:9-41
	android:allowBackup
		ADDED from src/main/AndroidManifest.xml:13:9-35
	android:icon
		ADDED from src/main/AndroidManifest.xml:14:9-45
	android:largeHeap
		ADDED from src/main/AndroidManifest.xml:17:9-33
	android:theme
		ADDED from src/main/AndroidManifest.xml:16:9-40
activity#com.subwaystopper.StartingActivity
ADDED from src/main/AndroidManifest.xml:18:9-26:20
	android:label
		ADDED from src/main/AndroidManifest.xml:20:13-45
	android:name
		ADDED from src/main/AndroidManifest.xml:19:13-62
intent-filter#android.intent.action.MAIN+android.intent.category.LAUNCHER
ADDED from src/main/AndroidManifest.xml:21:13-25:29
action#android.intent.action.MAIN
ADDED from src/main/AndroidManifest.xml:22:17-69
	android:name
		ADDED from src/main/AndroidManifest.xml:22:25-66
category#android.intent.category.LAUNCHER
ADDED from src/main/AndroidManifest.xml:24:17-77
	android:name
		ADDED from src/main/AndroidManifest.xml:24:27-74
activity#com.subwaystopper.StopTrackerActvity
ADDED from src/main/AndroidManifest.xml:27:9-31:20
	android:label
		ADDED from src/main/AndroidManifest.xml:29:13-72
	android:configChanges
		ADDED from src/main/AndroidManifest.xml:30:13-74
	android:name
		ADDED from src/main/AndroidManifest.xml:28:13-64
service#com.subwaystopper.DataConnectionService
ADDED from src/main/AndroidManifest.xml:32:9-34:70
	android:enabled
		ADDED from src/main/AndroidManifest.xml:33:13-35
	android:name
		ADDED from src/main/AndroidManifest.xml:34:13-67
provider#com.subwaystopper.data.mContentProvider
ADDED from src/main/AndroidManifest.xml:35:9-38:35
	android:authorities
		ADDED from src/main/AndroidManifest.xml:37:10-58
	android:enabled
		ADDED from src/main/AndroidManifest.xml:38:10-32
	android:name
		ADDED from src/main/AndroidManifest.xml:36:10-64